<?xml version="1.0" encoding="UTF-8"?>
<testng-results ignored="0" total="2" passed="2" failed="0" skipped="0">
  <reporter-output>
  </reporter-output>
  <suite started-at="2022-10-03T16:17:45 IST" name="Suite" finished-at="2022-10-03T16:18:12 IST" duration-ms="26784">
    <groups>
    </groups>
    <test started-at="2022-10-03T16:17:45 IST" name="Test" finished-at="2022-10-03T16:17:45 IST" duration-ms="16">
    </test> <!-- Test -->
    <test started-at="2022-10-03T16:17:45 IST" name="TestChrome" finished-at="2022-10-03T16:18:05 IST" duration-ms="19968">
      <class name="com.qa.bridzelabz.CrossBrowserScript">
        <test-method signature="browserSetup(java.lang.String)[pri:0, instance:com.qa.bridzelabz.CrossBrowserScript@f5ac9e4]" started-at="2022-10-03T16:17:45 IST" name="browserSetup" finished-at="2022-10-03T16:18:05 IST" duration-ms="19868" status="PASS">
          <params>
            <param index="0">
              <value>
                <![CDATA[chrome]]>
              </value>
            </param>
          </params>
          <reporter-output>
          </reporter-output>
        </test-method> <!-- browserSetup -->
      </class> <!-- com.qa.bridzelabz.CrossBrowserScript -->
    </test> <!-- TestChrome -->
    <test started-at="2022-10-03T16:17:45 IST" name="TestFirefox" finished-at="2022-10-03T16:18:12 IST" duration-ms="26784">
      <class name="com.qa.bridzelabz.CrossBrowserScript">
        <test-method signature="browserSetup(java.lang.String)[pri:0, instance:com.qa.bridzelabz.CrossBrowserScript@5b239d7d]" started-at="2022-10-03T16:17:45 IST" name="browserSetup" finished-at="2022-10-03T16:18:12 IST" duration-ms="26693" status="PASS">
          <params>
            <param index="0">
              <value>
                <![CDATA[firefox]]>
              </value>
            </param>
          </params>
          <reporter-output>
          </reporter-output>
        </test-method> <!-- browserSetup -->
      </class> <!-- com.qa.bridzelabz.CrossBrowserScript -->
    </test> <!-- TestFirefox -->
  </suite> <!-- Suite -->
</testng-results>
